<?xml version="1.0" encoding="UTF-8"?>
<testsuites>
  <testsuite name="/app/phpunit-ci.xml" tests="35" assertions="62" errors="0" failures="0" skipped="0" time="1.507038">
    <testsuite name="Unit" tests="34" assertions="60" errors="0" failures="0" skipped="0" time="1.397143">
      <testsuite name="Tests\Unit\Playground\Test\Models\Demo\ModelTest" file="/app/tests/Unit/Models/Demo/ModelTest.php" tests="3" assertions="9" errors="0" failures="0" skipped="0" time="0.498267">
        <testcase name="test_model_instance" file="/app/src/Unit/Models/ModelCase.php" line="113" class="Tests\Unit\Playground\Test\Models\Demo\ModelTest" classname="Tests.Unit.Playground.Test.Models.Demo.ModelTest" assertions="1" time="0.387081"/>
        <testcase name="test_verify_model_relationships" file="/app/src/Unit/Models/ModelCase.php" line="294" class="Tests\Unit\Playground\Test\Models\Demo\ModelTest" classname="Tests.Unit.Playground.Test.Models.Demo.ModelTest" assertions="5" time="0.060612"/>
        <testcase name="test_model_factory_make" file="/app/src/Unit/Models/ModelCase.php" line="310" class="Tests\Unit\Playground\Test\Models\Demo\ModelTest" classname="Tests.Unit.Playground.Test.Models.Demo.ModelTest" assertions="3" time="0.050574"/>
      </testsuite>
      <testsuite name="Tests\Unit\Playground\Test\Models\ModelCase\ModelTest" file="/app/tests/Unit/Models/ModelCase/ModelTest.php" tests="3" assertions="9" errors="0" failures="0" skipped="0" time="0.088522">
        <testcase name="test_model_instance" file="/app/src/Unit/Models/ModelCase.php" line="113" class="Tests\Unit\Playground\Test\Models\ModelCase\ModelTest" classname="Tests.Unit.Playground.Test.Models.ModelCase.ModelTest" assertions="1" time="0.032449"/>
        <testcase name="test_verify_model_relationships" file="/app/src/Unit/Models/ModelCase.php" line="294" class="Tests\Unit\Playground\Test\Models\ModelCase\ModelTest" classname="Tests.Unit.Playground.Test.Models.ModelCase.ModelTest" assertions="5" time="0.024358"/>
        <testcase name="test_model_factory_make" file="/app/src/Unit/Models/ModelCase.php" line="310" class="Tests\Unit\Playground\Test\Models\ModelCase\ModelTest" classname="Tests.Unit.Playground.Test.Models.ModelCase.ModelTest" assertions="3" time="0.031714"/>
      </testsuite>
      <testsuite name="Tests\Unit\Playground\Test\Models\User\ModelTest" file="/app/tests/Unit/Models/User/ModelTest.php" tests="3" assertions="5" errors="0" failures="0" skipped="0" time="0.086387">
        <testcase name="test_get_attributes" file="/app/tests/Unit/Models/User/ModelTest.php" line="25" class="Tests\Unit\Playground\Test\Models\User\ModelTest" classname="Tests.Unit.Playground.Test.Models.User.ModelTest" assertions="2" time="0.028714"/>
        <testcase name="test_get_attributes_filled" file="/app/tests/Unit/Models/User/ModelTest.php" line="46" class="Tests\Unit\Playground\Test\Models\User\ModelTest" classname="Tests.Unit.Playground.Test.Models.User.ModelTest" assertions="2" time="0.027912"/>
        <testcase name="test_factory_with_make" file="/app/tests/Unit/Models/User/ModelTest.php" line="70" class="Tests\Unit\Playground\Test\Models\User\ModelTest" classname="Tests.Unit.Playground.Test.Models.User.ModelTest" assertions="1" time="0.029761"/>
      </testsuite>
      <testsuite name="Tests\Unit\Playground\Test\Models\UserWithRole\ModelTest" file="/app/tests/Unit/Models/UserWithRole/ModelTest.php" tests="5" assertions="9" errors="0" failures="0" skipped="0" time="0.149479">
        <testcase name="test_get_attributes" file="/app/tests/Unit/Models/UserWithRole/ModelTest.php" line="28" class="Tests\Unit\Playground\Test\Models\UserWithRole\ModelTest" classname="Tests.Unit.Playground.Test.Models.UserWithRole.ModelTest" assertions="2" time="0.037436"/>
        <testcase name="test_has_role_is_false_without_role" file="/app/tests/Unit/Models/UserWithRole/ModelTest.php" line="50" class="Tests\Unit\Playground\Test\Models\UserWithRole\ModelTest" classname="Tests.Unit.Playground.Test.Models.UserWithRole.ModelTest" assertions="1" time="0.028541"/>
        <testcase name="test_has_role_is_true_with_matching_role" file="/app/tests/Unit/Models/UserWithRole/ModelTest.php" line="64" class="Tests\Unit\Playground\Test\Models\UserWithRole\ModelTest" classname="Tests.Unit.Playground.Test.Models.UserWithRole.ModelTest" assertions="1" time="0.027689"/>
        <testcase name="test_has_role_is_true_with_array_of_roles" file="/app/tests/Unit/Models/UserWithRole/ModelTest.php" line="80" class="Tests\Unit\Playground\Test\Models\UserWithRole\ModelTest" classname="Tests.Unit.Playground.Test.Models.UserWithRole.ModelTest" assertions="4" time="0.027748"/>
        <testcase name="test_is_admin_is_true_with_admin_role" file="/app/tests/Unit/Models/UserWithRole/ModelTest.php" line="99" class="Tests\Unit\Playground\Test\Models\UserWithRole\ModelTest" classname="Tests.Unit.Playground.Test.Models.UserWithRole.ModelTest" assertions="1" time="0.028065"/>
      </testsuite>
      <testsuite name="Tests\Unit\Playground\Test\Models\UserWithRoleAndPrivileges\ModelTest" file="/app/tests/Unit/Models/UserWithRoleAndPrivileges/ModelTest.php" tests="5" assertions="7" errors="0" failures="0" skipped="0" time="0.153287">
        <testcase name="test_get_attributes" file="/app/tests/Unit/Models/UserWithRoleAndPrivileges/ModelTest.php" line="25" class="Tests\Unit\Playground\Test\Models\UserWithRoleAndPrivileges\ModelTest" classname="Tests.Unit.Playground.Test.Models.UserWithRoleAndPrivileges.ModelTest" assertions="2" time="0.039886"/>
        <testcase name="test_has_privilege_is_false_without_privilege" file="/app/tests/Unit/Models/UserWithRoleAndPrivileges/ModelTest.php" line="49" class="Tests\Unit\Playground\Test\Models\UserWithRoleAndPrivileges\ModelTest" classname="Tests.Unit.Playground.Test.Models.UserWithRoleAndPrivileges.ModelTest" assertions="1" time="0.027046"/>
        <testcase name="test_has_privilege_is_false_with_wrong_privilege" file="/app/tests/Unit/Models/UserWithRoleAndPrivileges/ModelTest.php" line="63" class="Tests\Unit\Playground\Test\Models\UserWithRoleAndPrivileges\ModelTest" classname="Tests.Unit.Playground.Test.Models.UserWithRoleAndPrivileges.ModelTest" assertions="1" time="0.027695"/>
        <testcase name="test_has_privilege_is_true_with_correct_privilege" file="/app/tests/Unit/Models/UserWithRoleAndPrivileges/ModelTest.php" line="81" class="Tests\Unit\Playground\Test\Models\UserWithRoleAndPrivileges\ModelTest" classname="Tests.Unit.Playground.Test.Models.UserWithRoleAndPrivileges.ModelTest" assertions="2" time="0.027799"/>
        <testcase name="test_factory_with_make" file="/app/tests/Unit/Models/UserWithRoleAndPrivileges/ModelTest.php" line="102" class="Tests\Unit\Playground\Test\Models\UserWithRoleAndPrivileges\ModelTest" classname="Tests.Unit.Playground.Test.Models.UserWithRoleAndPrivileges.ModelTest" assertions="1" time="0.030861"/>
      </testsuite>
      <testsuite name="Tests\Unit\Playground\Test\Models\UserWithRoleAndRoles\ModelTest" file="/app/tests/Unit/Models/UserWithRoleAndRoles/ModelTest.php" tests="11" assertions="15" errors="0" failures="0" skipped="0" time="0.307254">
        <testcase name="test_get_attributes" file="/app/tests/Unit/Models/UserWithRoleAndRoles/ModelTest.php" line="28" class="Tests\Unit\Playground\Test\Models\UserWithRoleAndRoles\ModelTest" classname="Tests.Unit.Playground.Test.Models.UserWithRoleAndRoles.ModelTest" assertions="2" time="0.030424"/>
        <testcase name="test_has_role_is_false_without_role" file="/app/tests/Unit/Models/UserWithRoleAndRoles/ModelTest.php" line="51" class="Tests\Unit\Playground\Test\Models\UserWithRoleAndRoles\ModelTest" classname="Tests.Unit.Playground.Test.Models.UserWithRoleAndRoles.ModelTest" assertions="1" time="0.026710"/>
        <testcase name="test_has_role_is_true_with_matching_role" file="/app/tests/Unit/Models/UserWithRoleAndRoles/ModelTest.php" line="65" class="Tests\Unit\Playground\Test\Models\UserWithRoleAndRoles\ModelTest" classname="Tests.Unit.Playground.Test.Models.UserWithRoleAndRoles.ModelTest" assertions="1" time="0.027178"/>
        <testcase name="test_has_role_is_true_with_matching_secondary_role" file="/app/tests/Unit/Models/UserWithRoleAndRoles/ModelTest.php" line="81" class="Tests\Unit\Playground\Test\Models\UserWithRoleAndRoles\ModelTest" classname="Tests.Unit.Playground.Test.Models.UserWithRoleAndRoles.ModelTest" assertions="4" time="0.026972"/>
        <testcase name="test_is_admin_is_true_with_admin_role" file="/app/tests/Unit/Models/UserWithRoleAndRoles/ModelTest.php" line="104" class="Tests\Unit\Playground\Test\Models\UserWithRoleAndRoles\ModelTest" classname="Tests.Unit.Playground.Test.Models.UserWithRoleAndRoles.ModelTest" assertions="1" time="0.028021"/>
        <testcase name="test_is_admin_is_true_with_admin_secondary_role" file="/app/tests/Unit/Models/UserWithRoleAndRoles/ModelTest.php" line="124" class="Tests\Unit\Playground\Test\Models\UserWithRoleAndRoles\ModelTest" classname="Tests.Unit.Playground.Test.Models.UserWithRoleAndRoles.ModelTest" assertions="1" time="0.027310"/>
        <testcase name="test_is_admin_is_true_with_wheel_role" file="/app/tests/Unit/Models/UserWithRoleAndRoles/ModelTest.php" line="144" class="Tests\Unit\Playground\Test\Models\UserWithRoleAndRoles\ModelTest" classname="Tests.Unit.Playground.Test.Models.UserWithRoleAndRoles.ModelTest" assertions="1" time="0.027106"/>
        <testcase name="test_is_admin_is_true_with_wheel_secondary_role" file="/app/tests/Unit/Models/UserWithRoleAndRoles/ModelTest.php" line="164" class="Tests\Unit\Playground\Test\Models\UserWithRoleAndRoles\ModelTest" classname="Tests.Unit.Playground.Test.Models.UserWithRoleAndRoles.ModelTest" assertions="1" time="0.027297"/>
        <testcase name="test_is_admin_is_true_with_root_role" file="/app/tests/Unit/Models/UserWithRoleAndRoles/ModelTest.php" line="184" class="Tests\Unit\Playground\Test\Models\UserWithRoleAndRoles\ModelTest" classname="Tests.Unit.Playground.Test.Models.UserWithRoleAndRoles.ModelTest" assertions="1" time="0.028284"/>
        <testcase name="test_is_admin_is_false_with_root_secondary_role" file="/app/tests/Unit/Models/UserWithRoleAndRoles/ModelTest.php" line="204" class="Tests\Unit\Playground\Test\Models\UserWithRoleAndRoles\ModelTest" classname="Tests.Unit.Playground.Test.Models.UserWithRoleAndRoles.ModelTest" assertions="1" time="0.027593"/>
        <testcase name="test_factory_with_make" file="/app/tests/Unit/Models/UserWithRoleAndRoles/ModelTest.php" line="224" class="Tests\Unit\Playground\Test\Models\UserWithRoleAndRoles\ModelTest" classname="Tests.Unit.Playground.Test.Models.UserWithRoleAndRoles.ModelTest" assertions="1" time="0.030360"/>
      </testsuite>
      <testsuite name="Tests\Unit\Playground\Test\Models\UserWithRoleAndRolesAndPrivileges\ModelTest" file="/app/tests/Unit/Models/UserWithRoleAndRolesAndPrivileges/ModelTest.php" tests="2" assertions="3" errors="0" failures="0" skipped="0" time="0.056848">
        <testcase name="test_get_attributes" file="/app/tests/Unit/Models/UserWithRoleAndRolesAndPrivileges/ModelTest.php" line="28" class="Tests\Unit\Playground\Test\Models\UserWithRoleAndRolesAndPrivileges\ModelTest" classname="Tests.Unit.Playground.Test.Models.UserWithRoleAndRolesAndPrivileges.ModelTest" assertions="2" time="0.028876"/>
        <testcase name="test_factory_with_make" file="/app/tests/Unit/Models/UserWithRoleAndRolesAndPrivileges/ModelTest.php" line="52" class="Tests\Unit\Playground\Test\Models\UserWithRoleAndRolesAndPrivileges\ModelTest" classname="Tests.Unit.Playground.Test.Models.UserWithRoleAndRolesAndPrivileges.ModelTest" assertions="1" time="0.027972"/>
      </testsuite>
      <testsuite name="Tests\Unit\Playground\Test\Models\UserWithSanctum\ModelTest" file="/app/tests/Unit/Models/UserWithSanctum/ModelTest.php" tests="2" assertions="3" errors="0" failures="0" skipped="0" time="0.057099">
        <testcase name="test_get_attributes" file="/app/tests/Unit/Models/UserWithSanctum/ModelTest.php" line="25" class="Tests\Unit\Playground\Test\Models\UserWithSanctum\ModelTest" classname="Tests.Unit.Playground.Test.Models.UserWithSanctum.ModelTest" assertions="2" time="0.028755"/>
        <testcase name="test_factory_with_make" file="/app/tests/Unit/Models/UserWithSanctum/ModelTest.php" line="47" class="Tests\Unit\Playground\Test\Models\UserWithSanctum\ModelTest" classname="Tests.Unit.Playground.Test.Models.UserWithSanctum.ModelTest" assertions="1" time="0.028344"/>
      </testsuite>
    </testsuite>
    <testsuite name="Feature" tests="1" assertions="2" errors="0" failures="0" skipped="0" time="0.109896">
      <testsuite name="Tests\Feature\Playground\Test\Console\Commands\About\CommandTest" file="/app/tests/Feature/Console/Commands/About/CommandTest.php" tests="1" assertions="2" errors="0" failures="0" skipped="0" time="0.109896">
        <testcase name="test_command_about_displays_package_information_and_succeed_with_code_0" file="/app/tests/Feature/Console/Commands/About/CommandTest.php" line="22" class="Tests\Feature\Playground\Test\Console\Commands\About\CommandTest" classname="Tests.Feature.Playground.Test.Console.Commands.About.CommandTest" assertions="2" time="0.109896"/>
      </testsuite>
    </testsuite>
  </testsuite>
</testsuites>
